<?xml version="1.0" encoding="UTF-8"?>
<testsuite xmlns:xsi="http://www.w3.org/2001/XMLSchema-instance" xsi:noNamespaceSchemaLocation="https://maven.apache.org/surefire/maven-surefire-plugin/xsd/surefire-test-report-3.0.xsd" version="3.0" name="CalculTest" time="0.294" tests="7" errors="0" skipped="0" failures="0">
  <properties>
[...]
</properties>
  <testcase name="testSomme" classname="CalculTest" time="0.004"/>
  <testcase name="testConstructeur" classname="CalculTest" time="0.001"/>
  <testcase name="testDivisionFail" classname="CalculTest" time="0.001"/>
  <testcase name="testMaFonctionMax" classname="CalculTest" time="0.001"/>
  <testcase name="testMaFonctionMin" classname="CalculTest" time="0"/>
  <testcase name="testMaFonction" classname="CalculTest" time="0"/>
  <testcase name="testDivision" classname="CalculTest" time="0"/>
</testsuite>